<?xml version="1.0" encoding="UTF-8" ?>
<testsuite tests="66" failures="0" name="edu.stanford.nlp.naturalli.RelationTripleSegmenterTest" time="0.282" errors="0" skipped="0">
  <properties>
    <property name="java.runtime.name" value="Java(TM) SE Runtime Environment"/>
    <property name="java.vm.version" value="15.0.1+9-18"/>
    <property name="sun.boot.library.path" value="C:\Program Files\Java\jdk-15.0.1\bin"/>
    <property name="user.country.format" value="TR"/>
    <property name="maven.multiModuleProjectDirectory" value="C:\Users\mkose\Downloads\CoreNLP-main"/>
    <property name="java.vm.vendor" value="Oracle Corporation"/>
    <property name="java.vendor.url" value="https://java.oracle.com/"/>
    <property name="guice.disable.misplaced.annotation.check" value="true"/>
    <property name="path.separator" value=";"/>
    <property name="java.vm.name" value="Java HotSpot(TM) 64-Bit Server VM"/>
    <property name="sun.os.patch.level" value=""/>
    <property name="user.script" value=""/>
    <property name="user.country" value="US"/>
    <property name="sun.java.launcher" value="SUN_STANDARD"/>
    <property name="java.vm.specification.name" value="Java Virtual Machine Specification"/>
    <property name="user.dir" value="C:\Users\mkose\Downloads\CoreNLP-main"/>
    <property name="java.vm.compressedOopsMode" value="32-bit"/>
    <property name="java.runtime.version" value="15.0.1+9-18"/>
    <property name="os.arch" value="amd64"/>
    <property name="java.io.tmpdir" value="C:\Users\mkose\AppData\Local\Temp\"/>
    <property name="line.separator" value="
"/>
    <property name="java.vm.specification.vendor" value="Oracle Corporation"/>
    <property name="user.variant" value=""/>
    <property name="os.name" value="Windows 10"/>
    <property name="classworlds.conf" value="C:\Program Files\apache-maven-3.8.3\bin\m2.conf"/>
    <property name="sun.jnu.encoding" value="Cp1252"/>
    <property name="java.library.path" value="C:\Program Files\Java\jdk-15.0.1\bin;C:\Windows\Sun\Java\bin;C:\Windows\system32;C:\Windows;C:\Program Files\Common Files\Oracle\Java\javapath;C:\Program Files (x86)\Intel\iCLS Client\;C:\Program Files\Intel\iCLS Client\;C:\Windows\system32;C:\Windows;C:\Windows\System32\Wbem;C:\Windows\System32\WindowsPowerShell\v1.0\;C:\Windows\System32\OpenSSH\;C:\Program Files (x86)\Intel\Intel(R) Management Engine Components\DAL;C:\Program Files\Intel\Intel(R) Management Engine Components\DAL;C:\Program Files (x86)\Intel\Intel(R) Management Engine Components\IPT;C:\Program Files\Intel\Intel(R) Management Engine Components\IPT;C:\Program Files (x86)\NVIDIA Corporation\PhysX\Common;C:\Program Files\NVIDIA Corporation\NVIDIA NvDLISR;C:\Gradle\gradle-7.2\bin;C:\Program Files\apache-maven-3.8.3\bin;C:\Program Files\dotnet\;C:\Users\mkose\AppData\Local\Microsoft\WindowsApps;C:\Users\mkose\AppData\Local\Programs\MiKTeX\miktex\bin\x64\;C:\Users\mkose\.dotnet\tools;."/>
    <property name="maven.conf" value="C:\Program Files\apache-maven-3.8.3/conf"/>
    <property name="jdk.debug" value="release"/>
    <property name="java.class.version" value="59.0"/>
    <property name="java.specification.name" value="Java Platform API Specification"/>
    <property name="sun.management.compiler" value="HotSpot 64-Bit Tiered Compilers"/>
    <property name="os.version" value="10.0"/>
    <property name="library.jansi.path" value="C:\Program Files\apache-maven-3.8.3\lib\jansi-native"/>
    <property name="user.home" value="C:\Users\mkose"/>
    <property name="user.timezone" value="Europe/Istanbul"/>
    <property name="file.encoding" value="Cp1254"/>
    <property name="java.specification.version" value="15"/>
    <property name="user.name" value="mkose"/>
    <property name="java.class.path" value="C:\Program Files\apache-maven-3.8.3\boot\plexus-classworlds-2.6.0.jar"/>
    <property name="java.vm.specification.version" value="15"/>
    <property name="sun.arch.data.model" value="64"/>
    <property name="sun.java.command" value="org.codehaus.plexus.classworlds.launcher.Launcher package"/>
    <property name="java.home" value="C:\Program Files\Java\jdk-15.0.1"/>
    <property name="user.language" value="en"/>
    <property name="java.specification.vendor" value="Oracle Corporation"/>
    <property name="user.language.format" value="tr"/>
    <property name="java.vm.info" value="mixed mode, sharing"/>
    <property name="java.version" value="15.0.1"/>
    <property name="java.vendor" value="Oracle Corporation"/>
    <property name="sun.stderr.encoding" value="cp437"/>
    <property name="maven.home" value="C:\Program Files\apache-maven-3.8.3"/>
    <property name="file.separator" value="\"/>
    <property name="java.version.date" value="2020-10-20"/>
    <property name="java.vendor.url.bug" value="https://bugreport.java.com/bugreport/"/>
    <property name="sun.io.unicode.encoding" value="UnicodeLittle"/>
    <property name="sun.cpu.endian" value="little"/>
    <property name="sun.stdout.encoding" value="cp437"/>
    <property name="sun.cpu.isalist" value="amd64"/>
  </properties>
  <testcase classname="edu.stanford.nlp.naturalli.RelationTripleSegmenterTest" name="testSameSemanticsForDifferentWordOrder" time="0"/>
  <testcase classname="edu.stanford.nlp.naturalli.RelationTripleSegmenterTest" name="testObamaBornInRegression" time="0.035"/>
  <testcase classname="edu.stanford.nlp.naturalli.RelationTripleSegmenterTest" name="testToSentenceOutOfOrder" time="0.001"/>
  <testcase classname="edu.stanford.nlp.naturalli.RelationTripleSegmenterTest" name="testOfWhich" time="0.003"/>
  <testcase classname="edu.stanford.nlp.naturalli.RelationTripleSegmenterTest" name="testToSentenceNoIndices" time="0.001"/>
  <testcase classname="edu.stanford.nlp.naturalli.RelationTripleSegmenterTest" name="testPassiveReflexive" time="0.004"/>
  <testcase classname="edu.stanford.nlp.naturalli.RelationTripleSegmenterTest" name="testPossessiveNoNER" time="0.01"/>
  <testcase classname="edu.stanford.nlp.naturalli.RelationTripleSegmenterTest" name="testPossessiveWithObject" time="0.009"/>
  <testcase classname="edu.stanford.nlp.naturalli.RelationTripleSegmenterTest" name="testGeorgeBoydRegression" time="0.004"/>
  <testcase classname="edu.stanford.nlp.naturalli.RelationTripleSegmenterTest" name="testHeWasInaugurated" time="0.004"/>
  <testcase classname="edu.stanford.nlp.naturalli.RelationTripleSegmenterTest" name="testAdvObjectPassive" time="0.004"/>
  <testcase classname="edu.stanford.nlp.naturalli.RelationTripleSegmenterTest" name="testAclNoPP" time="0.004"/>
  <testcase classname="edu.stanford.nlp.naturalli.RelationTripleSegmenterTest" name="testMyCatsPlayWithYarn" time="0.003"/>
  <testcase classname="edu.stanford.nlp.naturalli.RelationTripleSegmenterTest" name="testChrisManningOfStanfordLong" time="0.008"/>
  <testcase classname="edu.stanford.nlp.naturalli.RelationTripleSegmenterTest" name="testUSsAllyBritain" time="0.011"/>
  <testcase classname="edu.stanford.nlp.naturalli.RelationTripleSegmenterTest" name="testAcl" time="0.003"/>
  <testcase classname="edu.stanford.nlp.naturalli.RelationTripleSegmenterTest" name="testVBG" time="0.002"/>
  <testcase classname="edu.stanford.nlp.naturalli.RelationTripleSegmenterTest" name="testFishLikeToSwim" time="0.003"/>
  <testcase classname="edu.stanford.nlp.naturalli.RelationTripleSegmenterTest" name="testPPAttachmentTwo" time="0.003"/>
  <testcase classname="edu.stanford.nlp.naturalli.RelationTripleSegmenterTest" name="testObjInRelation" time="0.01"/>
  <testcase classname="edu.stanford.nlp.naturalli.RelationTripleSegmenterTest" name="testXComp" time="0.002"/>
  <testcase classname="edu.stanford.nlp.naturalli.RelationTripleSegmenterTest" name="testApposInObject" time="0.001"/>
  <testcase classname="edu.stanford.nlp.naturalli.RelationTripleSegmenterTest" name="testDogsInheaven" time="0.009"/>
  <testcase classname="edu.stanford.nlp.naturalli.RelationTripleSegmenterTest" name="testPPExtraction" time="0.012"/>
  <testcase classname="edu.stanford.nlp.naturalli.RelationTripleSegmenterTest" name="testObamaPresidentOfRegressionFull" time="0.003"/>
  <testcase classname="edu.stanford.nlp.naturalli.RelationTripleSegmenterTest" name="testObamaPresidentOfRegression" time="0.003"/>
  <testcase classname="edu.stanford.nlp.naturalli.RelationTripleSegmenterTest" name="testWh" time="0.004"/>
  <testcase classname="edu.stanford.nlp.naturalli.RelationTripleSegmenterTest" name="testVPOnlyReplacedWith" time="0.003"/>
  <testcase classname="edu.stanford.nlp.naturalli.RelationTripleSegmenterTest" name="testThereAreWith" time="0.004"/>
  <testcase classname="edu.stanford.nlp.naturalli.RelationTripleSegmenterTest" name="testVBGCollapsed" time="0.002"/>
  <testcase classname="edu.stanford.nlp.naturalli.RelationTripleSegmenterTest" name="testUSPresidentObama1" time="0.004"/>
  <testcase classname="edu.stanford.nlp.naturalli.RelationTripleSegmenterTest" name="testUSPresidentObama2" time="0.004"/>
  <testcase classname="edu.stanford.nlp.naturalli.RelationTripleSegmenterTest" name="testAdvObject" time="0.002"/>
  <testcase classname="edu.stanford.nlp.naturalli.RelationTripleSegmenterTest" name="testThrowAway" time="0.001"/>
  <testcase classname="edu.stanford.nlp.naturalli.RelationTripleSegmenterTest" name="testUSAllyBritain" time="0.004"/>
  <testcase classname="edu.stanford.nlp.naturalli.RelationTripleSegmenterTest" name="testToSentenceInOrder" time="0.001"/>
  <testcase classname="edu.stanford.nlp.naturalli.RelationTripleSegmenterTest" name="testCatsHaveTails" time="0.001"/>
  <testcase classname="edu.stanford.nlp.naturalli.RelationTripleSegmenterTest" name="testGlosses" time="0"/>
  <testcase classname="edu.stanford.nlp.naturalli.RelationTripleSegmenterTest" name="testChrisIsOfStanford" time="0.004"/>
  <testcase classname="edu.stanford.nlp.naturalli.RelationTripleSegmenterTest" name="testBlueCatsPlayWithYarn" time="0.001"/>
  <testcase classname="edu.stanford.nlp.naturalli.RelationTripleSegmenterTest" name="testReflexive" time="0.002"/>
  <testcase classname="edu.stanford.nlp.naturalli.RelationTripleSegmenterTest" name="testPossessiveInEntity" time="0.001"/>
  <testcase classname="edu.stanford.nlp.naturalli.RelationTripleSegmenterTest" name="testThereAreIn" time="0.003"/>
  <testcase classname="edu.stanford.nlp.naturalli.RelationTripleSegmenterTest" name="testStateOfTheUnion" time="0.004"/>
  <testcase classname="edu.stanford.nlp.naturalli.RelationTripleSegmenterTest" name="testMassOfIron" time="0.002"/>
  <testcase classname="edu.stanford.nlp.naturalli.RelationTripleSegmenterTest" name="testPassiveNSubj" time="0.002"/>
  <testcase classname="edu.stanford.nlp.naturalli.RelationTripleSegmenterTest" name="testCatsAreCute" time="0.002"/>
  <testcase classname="edu.stanford.nlp.naturalli.RelationTripleSegmenterTest" name="testNmodTmod" time="0.001"/>
  <testcase classname="edu.stanford.nlp.naturalli.RelationTripleSegmenterTest" name="testCompoundPossessive" time="0.014"/>
  <testcase classname="edu.stanford.nlp.naturalli.RelationTripleSegmenterTest" name="testPossessive" time="0.004"/>
  <testcase classname="edu.stanford.nlp.naturalli.RelationTripleSegmenterTest" name="testPPAttachment" time="0.001"/>
  <testcase classname="edu.stanford.nlp.naturalli.RelationTripleSegmenterTest" name="testAmericanActorChrisPratt" time="0.009"/>
  <testcase classname="edu.stanford.nlp.naturalli.RelationTripleSegmenterTest" name="testChrisManningOfStanford" time="0.004"/>
  <testcase classname="edu.stanford.nlp.naturalli.RelationTripleSegmenterTest" name="testrabbitsEatVegetables" time="0.001"/>
  <testcase classname="edu.stanford.nlp.naturalli.RelationTripleSegmenterTest" name="testAllNominals" time="0.013"/>
  <testcase classname="edu.stanford.nlp.naturalli.RelationTripleSegmenterTest" name="testFishLikeToSwimAlternateParse" time="0.001"/>
  <testcase classname="edu.stanford.nlp.naturalli.RelationTripleSegmenterTest" name="testBlueCatsPlayQuietlyWithYarn" time="0.001"/>
  <testcase classname="edu.stanford.nlp.naturalli.RelationTripleSegmenterTest" name="testApposAsSubj" time="0.003"/>
  <testcase classname="edu.stanford.nlp.naturalli.RelationTripleSegmenterTest" name="testPresidentObama" time="0.004"/>
  <testcase classname="edu.stanford.nlp.naturalli.RelationTripleSegmenterTest" name="testThereAreVBing" time="0.002"/>
  <testcase classname="edu.stanford.nlp.naturalli.RelationTripleSegmenterTest" name="testUSPresidentObama" time="0.009"/>
  <testcase classname="edu.stanford.nlp.naturalli.RelationTripleSegmenterTest" name="testIAmInFlorida" time="0.001"/>
  <testcase classname="edu.stanford.nlp.naturalli.RelationTripleSegmenterTest" name="testAclWithPP" time="0.002"/>
  <testcase classname="edu.stanford.nlp.naturalli.RelationTripleSegmenterTest" name="testCommaDoesntOvergenerate" time="0.006"/>
  <testcase classname="edu.stanford.nlp.naturalli.RelationTripleSegmenterTest" name="testPropagateCSubj" time="0.002"/>
  <testcase classname="edu.stanford.nlp.naturalli.RelationTripleSegmenterTest" name="testAclWithAdverb" time="0.001"/>
</testsuite>